\BOOKMARK [0][-]{chapter*.1}{\376\377\000P\000r\000e\000f\000a\000c\000e}{}% 1
\BOOKMARK [-1][-]{part.1}{\376\377\000I\000\040\000G\000e\000o\000f\000f\000'\000s\000\040\000h\000a\000l\000f\000\040\000o\000f\000\040\000t\000h\000e\000\040\000c\000o\000u\000r\000s\000e}{}% 2
\BOOKMARK [0][-]{chapter.1}{\376\377\000B\000a\000c\000k\000g\000r\000o\000u\000n\000d\000:\000\040\000P\000o\000i\000n\000t\000\040\000e\000s\000t\000i\000m\000a\000t\000i\000o\000n}{part.1}% 3
\BOOKMARK [1][-]{section.1.1}{\376\377\000I\000n\000t\000r\000o\000d\000u\000c\000t\000i\000o\000n}{chapter.1}% 4
\BOOKMARK [1][-]{section.1.2}{\376\377\000E\000s\000t\000i\000m\000a\000t\000e\000\040\000a\000n\000d\000\040\000e\000s\000t\000i\000m\000a\000t\000o\000r}{chapter.1}% 5
\BOOKMARK [2][-]{subsection.1.2.1}{\376\377\000E\000r\000r\000o\000r}{section.1.2}% 6
\BOOKMARK [2][-]{subsection.1.2.2}{\376\377\000U\000n\000b\000i\000a\000s\000e\000d\000\040\000e\000s\000t\000i\000m\000a\000t\000o\000r\000s}{section.1.2}% 7
\BOOKMARK [1][-]{section.1.3}{\376\377\000M\000e\000t\000h\000o\000d\000\040\000o\000f\000\040\000M\000o\000m\000e\000n\000t\000s}{chapter.1}% 8
\BOOKMARK [1][-]{section.1.4}{\376\377\000L\000i\000k\000e\000l\000i\000h\000o\000o\000d\000\040\000f\000u\000n\000c\000t\000i\000o\000n}{chapter.1}% 9
\BOOKMARK [2][-]{subsection.1.4.1}{\376\377\000M\000o\000t\000i\000v\000a\000t\000i\000o\000n\000\040\000a\000n\000d\000\040\000i\000n\000t\000u\000i\000t\000i\000o\000n}{section.1.4}% 10
\BOOKMARK [2][-]{subsection.1.4.2}{\376\377\000T\000h\000e\000\040\000m\000e\000a\000t}{section.1.4}% 11
\BOOKMARK [1][-]{section.1.5}{\376\377\000R\000e\000g\000u\000l\000a\000r\000i\000t\000y\000\040\000c\000o\000n\000d\000i\000t\000i\000o\000n\000s\000\040\000\050\000I\000\051}{chapter.1}% 12
\BOOKMARK [2][-]{subsection.1.5.1}{\376\377\000C\000r\000a\000m\000\351\000r\000-\000R\000a\000o\000\040\000l\000o\000w\000e\000r\000\040\000b\000o\000u\000n\000d}{section.1.5}% 13
\BOOKMARK [1][-]{section.1.6}{\376\377\000R\000e\000g\000u\000l\000a\000r\000\040\000e\000x\000p\000o\000n\000e\000n\000t\000i\000a\000l\000\040\000f\000a\000m\000i\000l\000y}{chapter.1}% 14
\BOOKMARK [2][-]{subsection.1.6.1}{\376\377\000P\000a\000r\000a\000m\000e\000t\000e\000r\000\040\000s\000p\000a\000c\000e}{section.1.6}% 15
\BOOKMARK [2][-]{subsection.1.6.2}{\376\377\000C\000o\000m\000p\000l\000e\000t\000e\000?\000?\000?}{section.1.6}% 16
\BOOKMARK [1][-]{section.1.7}{\376\377\000U\000M\000V\000U\000\040\000e\000s\000t\000i\000m\000a\000t\000o\000r\000s}{chapter.1}% 17
\BOOKMARK [1][-]{section.1.8}{\376\377\000M\000a\000x\000i\000m\000u\000m\000\040\000L\000i\000k\000e\000l\000i\000h\000o\000o\000d\000\040\000M\000e\000t\000h\000o\000d\000\040\000\050\000M\000L\000\051}{chapter.1}% 18
\BOOKMARK [1][-]{section.1.9}{\376\377\000S\000u\000f\000f\000i\000c\000i\000e\000n\000c\000y}{chapter.1}% 19
\BOOKMARK [1][-]{section.1.10}{\376\377\000I\000\040\000a\000m\000\040\000n\000o\000t\000\040\000s\000u\000r\000e\000\040\000w\000h\000a\000t\000\040\000t\000o\000\040\000c\000a\000l\000l\000\040\000t\000h\000i\000s\000\040\000s\000e\000c\000t\000i\000o\000n}{chapter.1}% 20
\BOOKMARK [1][-]{section.1.11}{\376\377\000J\000e\000n\000s\000e\000n\000'\000s\000\040\000I\000n\000e\000q\000u\000a\000l\000i\000t\000y}{chapter.1}% 21
\BOOKMARK [1][-]{section.1.12}{\376\377\000K\000u\000l\000l\000b\000a\000c\000k\000-\000L\000e\000i\000b\000l\000e\000r\000\040\000D\000i\000s\000t\000a\000n\000c\000e}{chapter.1}% 22
\BOOKMARK [1][-]{section.1.13}{\376\377\000L\000a\000r\000g\000e\000\040\000S\000a\000m\000p\000l\000e\000\040\000T\000h\000e\000o\000r\000y}{chapter.1}% 23
\BOOKMARK [1][-]{section.1.14}{\376\377\000C\000o\000n\000s\000i\000s\000t\000e\000n\000c\000y}{chapter.1}% 24
\BOOKMARK [1][-]{section.1.15}{\376\377\000L\000a\000r\000g\000e\000-\000s\000a\000m\000p\000l\000e\000\040\000c\000o\000m\000p\000a\000r\000i\000s\000o\000n\000s\000\040\000o\000f\000\040\000e\000s\000t\000i\000m\000a\000t\000o\000r\000s}{chapter.1}% 25
\BOOKMARK [1][-]{section.1.16}{\376\377\000A\000s\000y\000m\000p\000t\000o\000t\000i\000c\000\040\000e\000f\000f\000i\000c\000i\000e\000n\000c\000y}{chapter.1}% 26
\BOOKMARK [1][-]{section.1.17}{\376\377\000M\000a\000x\000i\000m\000u\000m\000\040\000l\000i\000k\000e\000l\000i\000h\000o\000o\000d\000\040\000t\000h\000e\000o\000r\000e\000m\000s}{chapter.1}% 27
\BOOKMARK [1][-]{section.1.18}{\376\377\000A\000s\000y\000m\000p\000t\000o\000t\000i\000c\000\040\000d\000i\000s\000t\000r\000i\000b\000u\000t\000i\000o\000n\000\040\000t\000h\000e\000o\000r\000e\000m\000s}{chapter.1}% 28
\BOOKMARK [0][-]{chapter.2}{\376\377\000L\000e\000c\000\040\0001\000:}{part.1}% 29
\BOOKMARK [-1][-]{part.2}{\376\377\000I\000I\000\040\000S\000h\000a\000r\000o\000n\000'\000s\000\040\000h\000a\000l\000f\000\040\000o\000f\000\040\000t\000h\000e\000\040\000c\000o\000u\000r\000s\000e}{}% 30
\BOOKMARK [-1][-]{part.3}{\376\377\000I\000I\000I\000\040\000S\000t\000u\000f\000f\000\040\000f\000r\000o\000m\000\040\000S\000T\000A\000T\0002\0000\0000\0003\000,\000\040\000S\000T\000A\000T\0002\0000\0000\0004\000\040\000a\000n\000d\000\040\000s\000u\000c\000h}{}% 31
\BOOKMARK [0][-]{chapter.3}{\376\377\000F\000o\000r\000m\000u\000l\000a\000s}{part.3}% 32
